-1: int
110: id
-1: ;
110: id
-1: =
-1: read_int
-1: (
-1: )
-1: ;
-1: int
196883: id
-1: ;
196883: id
-1: =
49: const
-1: ;
-1: int
100: id
-1: ;
100: id
-1: =
50: const
-1: ;
-1: while
-1: (
100: id
-1: <
110: id
-1: )
-1: {
-1: if
-1: (
110: id
-1: %
100: id
-1: ==
48: const
-1: )
-1: {
196883: id
-1: =
48: const
-1: ;
-1: }
100: id
-1: =
100: id
-1: +
49: const
-1: ;
-1: }
-1: if
-1: (
196883: id
-1: ==
48: const
-1: )
-1: {
-1: print_str
-1: (
649405: const
-1: )
-1: }
-1: else
-1: {
-1: print_str
-1: (
483306: const
-1: )
-1: }
